INFO:chromadb.telemetry.product.posthog:Anonymized telemetry enabled. See                     https://docs.trychroma.com/telemetry for more information.
INFO:sentence_transformers.SentenceTransformer:Load pretrained SentenceTransformer: BAAI/bge-small-en-v1.5
INFO:sentence_transformers.SentenceTransformer:1 prompt is loaded, with the key: query
INFO:httpx:HTTP Request: POST http://localhost:11434/api/show "HTTP/1.1 200 OK"
ERROR:fastapi:Form data requires "python-multipart" to be installed. 
You can install "python-multipart" with: 

pip install python-multipart

INFO:chromadb.telemetry.product.posthog:Anonymized telemetry enabled. See                     https://docs.trychroma.com/telemetry for more information.
INFO:sentence_transformers.SentenceTransformer:Load pretrained SentenceTransformer: BAAI/bge-small-en-v1.5
INFO:sentence_transformers.SentenceTransformer:1 prompt is loaded, with the key: query
INFO:httpx:HTTP Request: POST http://localhost:11434/api/show "HTTP/1.1 200 OK"
INFO:chromadb.telemetry.product.posthog:Anonymized telemetry enabled. See                     https://docs.trychroma.com/telemetry for more information.
INFO:sentence_transformers.SentenceTransformer:Load pretrained SentenceTransformer: BAAI/bge-small-en-v1.5
INFO:sentence_transformers.SentenceTransformer:1 prompt is loaded, with the key: query
INFO:httpx:HTTP Request: POST http://localhost:11434/api/show "HTTP/1.1 200 OK"
INFO:chromadb.telemetry.product.posthog:Anonymized telemetry enabled. See                     https://docs.trychroma.com/telemetry for more information.
INFO:sentence_transformers.SentenceTransformer:Load pretrained SentenceTransformer: BAAI/bge-small-en-v1.5
INFO:sentence_transformers.SentenceTransformer:1 prompt is loaded, with the key: query
INFO:httpx:HTTP Request: POST http://localhost:11434/api/show "HTTP/1.1 200 OK"
INFO:chromadb.telemetry.product.posthog:Anonymized telemetry enabled. See                     https://docs.trychroma.com/telemetry for more information.
INFO:sentence_transformers.SentenceTransformer:Load pretrained SentenceTransformer: BAAI/bge-small-en-v1.5
INFO:sentence_transformers.SentenceTransformer:1 prompt is loaded, with the key: query
INFO:httpx:HTTP Request: POST http://localhost:11434/api/show "HTTP/1.1 200 OK"
INFO:chromadb.telemetry.product.posthog:Anonymized telemetry enabled. See                     https://docs.trychroma.com/telemetry for more information.
INFO:sentence_transformers.SentenceTransformer:Load pretrained SentenceTransformer: BAAI/bge-small-en-v1.5
INFO:sentence_transformers.SentenceTransformer:1 prompt is loaded, with the key: query
INFO:httpx:HTTP Request: POST http://localhost:11434/api/show "HTTP/1.1 200 OK"
INFO:chromadb.telemetry.product.posthog:Anonymized telemetry enabled. See                     https://docs.trychroma.com/telemetry for more information.
INFO:sentence_transformers.SentenceTransformer:Load pretrained SentenceTransformer: BAAI/bge-small-en-v1.5
INFO:sentence_transformers.SentenceTransformer:1 prompt is loaded, with the key: query
INFO:httpx:HTTP Request: POST http://localhost:11434/api/show "HTTP/1.1 200 OK"
INFO:httpx:HTTP Request: POST http://localhost:11434/api/chat "HTTP/1.1 200 OK"
INFO:httpx:HTTP Request: POST http://localhost:11434/api/chat "HTTP/1.1 200 OK"
INFO:chromadb.telemetry.product.posthog:Anonymized telemetry enabled. See                     https://docs.trychroma.com/telemetry for more information.
INFO:sentence_transformers.SentenceTransformer:Load pretrained SentenceTransformer: BAAI/bge-small-en-v1.5
INFO:sentence_transformers.SentenceTransformer:1 prompt is loaded, with the key: query
INFO:httpx:HTTP Request: POST http://localhost:11434/api/show "HTTP/1.1 200 OK"
INFO:httpx:HTTP Request: POST http://localhost:11434/api/chat "HTTP/1.1 200 OK"
INFO:httpx:HTTP Request: POST http://localhost:11434/api/chat "HTTP/1.1 200 OK"
INFO:httpx:HTTP Request: POST http://localhost:11434/api/chat "HTTP/1.1 200 OK"
INFO:httpx:HTTP Request: POST http://localhost:11434/api/chat "HTTP/1.1 200 OK"
INFO:httpx:HTTP Request: POST http://localhost:11434/api/chat "HTTP/1.1 200 OK"
INFO:chromadb.telemetry.product.posthog:Anonymized telemetry enabled. See                     https://docs.trychroma.com/telemetry for more information.
INFO:sentence_transformers.SentenceTransformer:Load pretrained SentenceTransformer: BAAI/bge-small-en-v1.5
INFO:sentence_transformers.SentenceTransformer:1 prompt is loaded, with the key: query
INFO:httpx:HTTP Request: POST http://localhost:11434/api/show "HTTP/1.1 200 OK"
INFO:chromadb.telemetry.product.posthog:Anonymized telemetry enabled. See                     https://docs.trychroma.com/telemetry for more information.
INFO:sentence_transformers.SentenceTransformer:Load pretrained SentenceTransformer: BAAI/bge-small-en-v1.5
INFO:sentence_transformers.SentenceTransformer:1 prompt is loaded, with the key: query
INFO:httpx:HTTP Request: POST http://localhost:11434/api/show "HTTP/1.1 200 OK"
INFO:chromadb.telemetry.product.posthog:Anonymized telemetry enabled. See                     https://docs.trychroma.com/telemetry for more information.
INFO:sentence_transformers.SentenceTransformer:Load pretrained SentenceTransformer: BAAI/bge-small-en-v1.5
INFO:sentence_transformers.SentenceTransformer:1 prompt is loaded, with the key: query
INFO:httpx:HTTP Request: POST http://localhost:11434/api/show "HTTP/1.1 200 OK"
INFO:chromadb.telemetry.product.posthog:Anonymized telemetry enabled. See                     https://docs.trychroma.com/telemetry for more information.
INFO:sentence_transformers.SentenceTransformer:Load pretrained SentenceTransformer: BAAI/bge-small-en-v1.5
INFO:sentence_transformers.SentenceTransformer:1 prompt is loaded, with the key: query
INFO:httpx:HTTP Request: POST http://localhost:11434/api/show "HTTP/1.1 200 OK"
INFO:chromadb.telemetry.product.posthog:Anonymized telemetry enabled. See                     https://docs.trychroma.com/telemetry for more information.
INFO:sentence_transformers.SentenceTransformer:Load pretrained SentenceTransformer: BAAI/bge-small-en-v1.5
INFO:sentence_transformers.SentenceTransformer:1 prompt is loaded, with the key: query
INFO:chromadb.telemetry.product.posthog:Anonymized telemetry enabled. See                     https://docs.trychroma.com/telemetry for more information.
INFO:sentence_transformers.SentenceTransformer:Load pretrained SentenceTransformer: BAAI/bge-small-en-v1.5
INFO:sentence_transformers.SentenceTransformer:1 prompt is loaded, with the key: query
INFO:chromadb.telemetry.product.posthog:Anonymized telemetry enabled. See                     https://docs.trychroma.com/telemetry for more information.
INFO:sentence_transformers.SentenceTransformer:Load pretrained SentenceTransformer: BAAI/bge-small-en-v1.5
INFO:sentence_transformers.SentenceTransformer:1 prompt is loaded, with the key: query
INFO:httpx:HTTP Request: POST http://localhost:11434/api/show "HTTP/1.1 200 OK"
INFO:httpx:HTTP Request: POST http://localhost:11434/api/chat "HTTP/1.1 200 OK"
INFO:httpx:HTTP Request: POST http://localhost:11434/api/chat "HTTP/1.1 200 OK"
INFO:httpx:HTTP Request: POST http://localhost:11434/api/chat "HTTP/1.1 200 OK"
INFO:chromadb.telemetry.product.posthog:Anonymized telemetry enabled. See                     https://docs.trychroma.com/telemetry for more information.
INFO:sentence_transformers.SentenceTransformer:Load pretrained SentenceTransformer: BAAI/bge-small-en-v1.5
INFO:sentence_transformers.SentenceTransformer:1 prompt is loaded, with the key: query
INFO:httpx:HTTP Request: POST http://localhost:11434/api/show "HTTP/1.1 200 OK"
INFO:httpx:HTTP Request: POST http://localhost:11434/api/chat "HTTP/1.1 200 OK"
INFO:httpx:HTTP Request: POST http://localhost:11434/api/chat "HTTP/1.1 200 OK"
INFO:httpx:HTTP Request: POST http://localhost:11434/api/chat "HTTP/1.1 200 OK"
INFO:httpx:HTTP Request: POST http://localhost:11434/api/chat "HTTP/1.1 200 OK"
INFO:httpx:HTTP Request: POST http://localhost:11434/api/chat "HTTP/1.1 200 OK"
INFO:httpx:HTTP Request: POST http://localhost:11434/api/chat "HTTP/1.1 200 OK"
INFO:httpx:HTTP Request: POST http://localhost:11434/api/chat "HTTP/1.1 200 OK"
INFO:httpx:HTTP Request: POST http://localhost:11434/api/chat "HTTP/1.1 200 OK"
INFO:chromadb.telemetry.product.posthog:Anonymized telemetry enabled. See                     https://docs.trychroma.com/telemetry for more information.
INFO:sentence_transformers.SentenceTransformer:Load pretrained SentenceTransformer: BAAI/bge-small-en-v1.5
INFO:sentence_transformers.SentenceTransformer:1 prompt is loaded, with the key: query
INFO:httpx:HTTP Request: POST http://localhost:11434/api/show "HTTP/1.1 200 OK"
INFO:httpx:HTTP Request: POST http://localhost:11434/api/chat "HTTP/1.1 200 OK"
INFO:httpx:HTTP Request: POST http://localhost:11434/api/chat "HTTP/1.1 200 OK"
